<?xml version="1.0" encoding="UTF-8"?>
<testng-results ignored="0" total="14" passed="14" failed="0" skipped="0">
  <reporter-output>
  </reporter-output>
  <suite started-at="2024-07-23T08:23:40 IST" name="PetSuite" finished-at="2024-07-23T08:24:06 IST" duration-ms="25606">
    <groups>
    </groups>
    <test started-at="2024-07-23T08:23:40 IST" name="PetTests" finished-at="2024-07-23T08:24:06 IST" duration-ms="25606">
      <class name="api.testcase.UserTests">
        <test-method is-config="true" signature="setupData()[pri:0, instance:api.testcase.UserTests@2e55dd0c]" started-at="2024-07-23T08:23:41 IST" name="setupData" finished-at="2024-07-23T08:23:41 IST" duration-ms="538" status="PASS">
          <reporter-output>
          </reporter-output>
        </test-method> <!-- setupData -->
        <test-method signature="testPostUser()[pri:1, instance:api.testcase.UserTests@2e55dd0c]" started-at="2024-07-23T08:23:41 IST" name="testPostUser" finished-at="2024-07-23T08:23:47 IST" duration-ms="5244" status="PASS">
          <reporter-output>
          </reporter-output>
        </test-method> <!-- testPostUser -->
        <test-method signature="testGetUser()[pri:2, instance:api.testcase.UserTests@2e55dd0c]" started-at="2024-07-23T08:23:47 IST" name="testGetUser" finished-at="2024-07-23T08:23:48 IST" duration-ms="1197" status="PASS">
          <reporter-output>
          </reporter-output>
        </test-method> <!-- testGetUser -->
        <test-method signature="testUpdateUser()[pri:3, instance:api.testcase.UserTests@2e55dd0c]" started-at="2024-07-23T08:23:48 IST" name="testUpdateUser" finished-at="2024-07-23T08:23:50 IST" duration-ms="2197" status="PASS">
          <reporter-output>
          </reporter-output>
        </test-method> <!-- testUpdateUser -->
        <test-method signature="testDeleteUser()[pri:4, instance:api.testcase.UserTests@2e55dd0c]" started-at="2024-07-23T08:23:50 IST" name="testDeleteUser" finished-at="2024-07-23T08:23:51 IST" duration-ms="1111" status="PASS">
          <reporter-output>
          </reporter-output>
        </test-method> <!-- testDeleteUser -->
      </class> <!-- api.testcase.UserTests -->
      <class name="api.testcase.UserTestWithExcel">
        <test-method signature="testPostUser(java.lang.String,java.lang.String,java.lang.String,java.lang.String,java.lang.String,java.lang.String,java.lang.String)[pri:1, instance:api.testcase.UserTestWithExcel@67080771]" started-at="2024-07-23T08:23:59 IST" name="testPostUser" data-provider="Data" finished-at="2024-07-23T08:24:00 IST" duration-ms="1162" status="PASS">
          <params>
            <param index="0">
              <value>
                <![CDATA[1010]]>
              </value>
            </param>
            <param index="1">
              <value>
                <![CDATA[testuser1]]>
              </value>
            </param>
            <param index="2">
              <value>
                <![CDATA[John]]>
              </value>
            </param>
            <param index="3">
              <value>
                <![CDATA[Canedy]]>
              </value>
            </param>
            <param index="4">
              <value>
                <![CDATA[a@gmail.com]]>
              </value>
            </param>
            <param index="5">
              <value>
                <![CDATA[test@1]]>
              </value>
            </param>
            <param index="6">
              <value>
                <![CDATA[1234567897]]>
              </value>
            </param>
          </params>
          <reporter-output>
          </reporter-output>
        </test-method> <!-- testPostUser -->
        <test-method signature="testPostUser(java.lang.String,java.lang.String,java.lang.String,java.lang.String,java.lang.String,java.lang.String,java.lang.String)[pri:1, instance:api.testcase.UserTestWithExcel@67080771]" started-at="2024-07-23T08:24:00 IST" name="testPostUser" data-provider="Data" finished-at="2024-07-23T08:24:01 IST" duration-ms="1139" status="PASS">
          <params>
            <param index="0">
              <value>
                <![CDATA[1020]]>
              </value>
            </param>
            <param index="1">
              <value>
                <![CDATA[testuser2]]>
              </value>
            </param>
            <param index="2">
              <value>
                <![CDATA[Kim]]>
              </value>
            </param>
            <param index="3">
              <value>
                <![CDATA[Kom]]>
              </value>
            </param>
            <param index="4">
              <value>
                <![CDATA[b@gmail.com]]>
              </value>
            </param>
            <param index="5">
              <value>
                <![CDATA[test@2]]>
              </value>
            </param>
            <param index="6">
              <value>
                <![CDATA[1234567897]]>
              </value>
            </param>
          </params>
          <reporter-output>
          </reporter-output>
        </test-method> <!-- testPostUser -->
        <test-method signature="testPostUser(java.lang.String,java.lang.String,java.lang.String,java.lang.String,java.lang.String,java.lang.String,java.lang.String)[pri:1, instance:api.testcase.UserTestWithExcel@67080771]" started-at="2024-07-23T08:24:01 IST" name="testPostUser" data-provider="Data" finished-at="2024-07-23T08:24:02 IST" duration-ms="1118" status="PASS">
          <params>
            <param index="0">
              <value>
                <![CDATA[1030]]>
              </value>
            </param>
            <param index="1">
              <value>
                <![CDATA[testuser3]]>
              </value>
            </param>
            <param index="2">
              <value>
                <![CDATA[Smith]]>
              </value>
            </param>
            <param index="3">
              <value>
                <![CDATA[Steve]]>
              </value>
            </param>
            <param index="4">
              <value>
                <![CDATA[c@gmail.com]]>
              </value>
            </param>
            <param index="5">
              <value>
                <![CDATA[test@3]]>
              </value>
            </param>
            <param index="6">
              <value>
                <![CDATA[1234567897]]>
              </value>
            </param>
          </params>
          <reporter-output>
          </reporter-output>
        </test-method> <!-- testPostUser -->
        <test-method signature="testDeleteUser(java.lang.String)[pri:2, instance:api.testcase.UserTestWithExcel@67080771]" started-at="2024-07-23T08:24:02 IST" name="testDeleteUser" data-provider="UserNames" finished-at="2024-07-23T08:24:03 IST" duration-ms="1052" status="PASS">
          <params>
            <param index="0">
              <value>
                <![CDATA[testuser1]]>
              </value>
            </param>
          </params>
          <reporter-output>
          </reporter-output>
        </test-method> <!-- testDeleteUser -->
        <test-method signature="testDeleteUser(java.lang.String)[pri:2, instance:api.testcase.UserTestWithExcel@67080771]" started-at="2024-07-23T08:24:03 IST" name="testDeleteUser" data-provider="UserNames" finished-at="2024-07-23T08:24:05 IST" duration-ms="1077" status="PASS">
          <params>
            <param index="0">
              <value>
                <![CDATA[testuser2]]>
              </value>
            </param>
          </params>
          <reporter-output>
          </reporter-output>
        </test-method> <!-- testDeleteUser -->
        <test-method signature="testDeleteUser(java.lang.String)[pri:2, instance:api.testcase.UserTestWithExcel@67080771]" started-at="2024-07-23T08:24:05 IST" name="testDeleteUser" data-provider="UserNames" finished-at="2024-07-23T08:24:06 IST" duration-ms="1137" status="PASS">
          <params>
            <param index="0">
              <value>
                <![CDATA[testuser3]]>
              </value>
            </param>
          </params>
          <reporter-output>
          </reporter-output>
        </test-method> <!-- testDeleteUser -->
      </class> <!-- api.testcase.UserTestWithExcel -->
      <class name="api.testcase.UserTests2">
        <test-method is-config="true" signature="setup()[pri:0, instance:api.testcase.UserTests2@1eb5174b]" started-at="2024-07-23T08:23:51 IST" name="setup" finished-at="2024-07-23T08:23:51 IST" duration-ms="103" status="PASS">
          <reporter-output>
          </reporter-output>
        </test-method> <!-- setup -->
        <test-method signature="testPostUser()[pri:1, instance:api.testcase.UserTests2@1eb5174b]" started-at="2024-07-23T08:23:51 IST" name="testPostUser" finished-at="2024-07-23T08:23:52 IST" duration-ms="1127" status="PASS">
          <reporter-output>
          </reporter-output>
        </test-method> <!-- testPostUser -->
        <test-method signature="testGetUserByName()[pri:2, instance:api.testcase.UserTests2@1eb5174b]" started-at="2024-07-23T08:23:52 IST" name="testGetUserByName" finished-at="2024-07-23T08:23:54 IST" duration-ms="1144" status="PASS">
          <reporter-output>
          </reporter-output>
        </test-method> <!-- testGetUserByName -->
        <test-method signature="testUpdateUserByName()[pri:3, instance:api.testcase.UserTests2@1eb5174b]" started-at="2024-07-23T08:23:54 IST" name="testUpdateUserByName" finished-at="2024-07-23T08:23:56 IST" duration-ms="2228" status="PASS">
          <reporter-output>
          </reporter-output>
        </test-method> <!-- testUpdateUserByName -->
        <test-method signature="testDeleteUserByName()[pri:4, instance:api.testcase.UserTests2@1eb5174b]" started-at="2024-07-23T08:23:56 IST" name="testDeleteUserByName" finished-at="2024-07-23T08:23:57 IST" duration-ms="1086" status="PASS">
          <reporter-output>
          </reporter-output>
        </test-method> <!-- testDeleteUserByName -->
      </class> <!-- api.testcase.UserTests2 -->
    </test> <!-- PetTests -->
  </suite> <!-- PetSuite -->
</testng-results>
