<?xml version="1.0" encoding="UTF-8"?>
<testng-results ignored="0" total="1" passed="1" failed="0" skipped="0">
  <reporter-output>
  </reporter-output>
  <suite started-at="2024-07-21T09:05:17 IST" name="Default suite" finished-at="2024-07-21T09:05:17 IST" duration-ms="115">
    <groups>
    </groups>
    <test started-at="2024-07-21T09:05:17 IST" name="Default test" finished-at="2024-07-21T09:05:17 IST" duration-ms="115">
      <class name="day1.jsondata.JSONContentFromFile">
        <test-method signature="testJsonContetnReadingFromFIle()[pri:0, instance:day1.jsondata.JSONContentFromFile@385e9564]" started-at="2024-07-21T09:05:17 IST" name="testJsonContetnReadingFromFIle" finished-at="2024-07-21T09:05:17 IST" duration-ms="28" status="PASS">
          <reporter-output>
          </reporter-output>
        </test-method> <!-- testJsonContetnReadingFromFIle -->
      </class> <!-- day1.jsondata.JSONContentFromFile -->
    </test> <!-- Default test -->
  </suite> <!-- Default suite -->
</testng-results>
