<?xml version="1.0" encoding="UTF-8"?>
<!-- Generated by org.testng.reporters.JUnitXMLReporter -->
<testsuite ignored="2" hostname="DESKTOP-LLLGMOJ" failures="2" tests="14" name="Test" time="71.265" errors="0" timestamp="2024-03-11T20:03:15 IST">
  <testcase classname="testngExamples.Example1" name="testCase0" time="0.033"/>
  <testcase classname="testngExamples.Example1" name="testCase1" time="0.005"/>
  <testcase classname="testngExamples.Example2" name="openSwagLabs" time="8.813"/>
  <testcase classname="testngExamples.Example2" name="openOrangeHRM" time="7.669"/>
  <testcase classname="testngExamples.Example2" name="openOrangeHRM" time="6.37"/>
  <testcase classname="testngExamples.Example2" name="openActitime" time="10.263"/>
  <testcase classname="testngExamples.Example2" name="testCase" time="0.002"/>
  <testcase classname="testngExamples.Example3" name="createPIM" time="0.001"/>
  <testcase classname="testngExamples.Example3" name="updatePIM" time="0.004"/>
  <testcase classname="testngExamples.Example3" name="deletePIM" time="0.003"/>
  <testcase classname="testngExamples.Example4" name="testActitimeWithAssert1" time="9.172"/>
  <testcase classname="testngExamples.Example4" name="testActitimeWithAssert2" time="10.976">
    <failure type="java.lang.AssertionError" message="Login page not opened or title got changed expected [true] but found [false]">
      <![CDATA[java.lang.AssertionError: Login page not opened or title got changed expected [true] but found [false]
at testngExamples.Example4.testActitimeWithAssert2(Example4.java:32)
at java.base/java.util.ArrayList.forEach(ArrayList.java:1511)
... Removed 30 stack frames]]>
    </failure>
  </testcase> <!-- testActitimeWithAssert2 -->
  <testcase classname="testngExamples.Example4" name="testActitimeWithAssert3" time="8.622"/>
  <testcase classname="testngExamples.Example4" name="testActitimeWithAssert4" time="9.078">
    <failure type="java.lang.AssertionError" message="Login page not opened or title got changed expected [actiTIME -  Login] but found [actiTIME - Login]">
      <![CDATA[java.lang.AssertionError: Login page not opened or title got changed expected [actiTIME -  Login] but found [actiTIME - Login]
at testngExamples.Example4.testActitimeWithAssert4(Example4.java:49)
at java.base/java.util.ArrayList.forEach(ArrayList.java:1511)
... Removed 32 stack frames]]>
    </failure>
  </testcase> <!-- testActitimeWithAssert4 -->
  <testcase classname="testngExamples.Example4" name="testActitimeWithOutAssert" time="0.0">
    <ignored/>
  </testcase> <!-- testActitimeWithOutAssert -->
  <testcase classname="testngExamples.Example2" name="openGoogle" time="0.0">
    <ignored/>
  </testcase> <!-- openGoogle -->
</testsuite> <!-- Test -->
