<?xml version="1.0" encoding="UTF-8"?>
<testng-results ignored="0" total="1" passed="1" failed="0" skipped="0">
  <reporter-output>
  </reporter-output>
  <suite started-at="2024-03-14T21:08:47 IST" name="Default suite" finished-at="2024-03-14T21:09:03 IST" duration-ms="16296">
    <groups>
    </groups>
    <test started-at="2024-03-14T21:08:47 IST" name="Default test" finished-at="2024-03-14T21:09:03 IST" duration-ms="16296">
      <class name="datadriventesting.ActitimeLogin">
        <test-method is-config="true" signature="getData()[pri:0, instance:datadriventesting.ActitimeLogin@9597028]" started-at="2024-03-14T21:08:47 IST" name="getData" finished-at="2024-03-14T21:08:48 IST" duration-ms="1273" status="PASS">
          <reporter-output>
          </reporter-output>
        </test-method> <!-- getData -->
        <test-method signature="testOrangeHRMLogin()[pri:0, instance:datadriventesting.ActitimeLogin@9597028]" started-at="2024-03-14T21:08:48 IST" name="testOrangeHRMLogin" finished-at="2024-03-14T21:09:02 IST" duration-ms="14303" status="PASS">
          <reporter-output>
          </reporter-output>
        </test-method> <!-- testOrangeHRMLogin -->
        <test-method is-config="true" signature="cleanUp1()[pri:0, instance:datadriventesting.ActitimeLogin@9597028]" started-at="2024-03-14T21:09:02 IST" name="cleanUp1" finished-at="2024-03-14T21:09:03 IST" duration-ms="573" status="PASS">
          <reporter-output>
          </reporter-output>
        </test-method> <!-- cleanUp1 -->
      </class> <!-- datadriventesting.ActitimeLogin -->
    </test> <!-- Default test -->
  </suite> <!-- Default suite -->
</testng-results>
