<?xml version="1.0" encoding="UTF-8"?>
<!-- Generated by org.testng.reporters.JUnitXMLReporter -->
<testsuite ignored="0" hostname="DESKTOP-LLLGMOJ" failures="0" tests="14" name="PetTests" time="25.026" errors="0" timestamp="2024-07-23T08:26:03 IST">
  <testcase classname="api.testcase.UserTests" name="testPostUser" time="4.872"/>
  <testcase classname="api.testcase.UserTests" name="testGetUser" time="1.161"/>
  <testcase classname="api.testcase.UserTests" name="testUpdateUser" time="2.208"/>
  <testcase classname="api.testcase.UserTests" name="testDeleteUser" time="1.07"/>
  <testcase classname="api.testcase.UserTests2" name="testPostUser" time="1.136"/>
  <testcase classname="api.testcase.UserTests2" name="testGetUserByName" time="1.047"/>
  <testcase classname="api.testcase.UserTests2" name="testUpdateUserByName" time="2.12"/>
  <testcase classname="api.testcase.UserTests2" name="testDeleteUserByName" time="1.04"/>
  <testcase classname="api.testcase.UserTestWithExcel" name="testPostUser" time="1.125"/>
  <testcase classname="api.testcase.UserTestWithExcel" name="testPostUser" time="1.043"/>
  <testcase classname="api.testcase.UserTestWithExcel" name="testPostUser" time="1.109"/>
  <testcase classname="api.testcase.UserTestWithExcel" name="testDeleteUser" time="1.122"/>
  <testcase classname="api.testcase.UserTestWithExcel" name="testDeleteUser" time="1.123"/>
  <testcase classname="api.testcase.UserTestWithExcel" name="testDeleteUser" time="1.163"/>
</testsuite> <!-- PetTests -->
