<?xml version="1.0" encoding="UTF-8"?>
<testng-results ignored="0" total="2" passed="2" failed="0" skipped="0">
  <reporter-output>
  </reporter-output>
  <suite started-at="2024-03-17T22:07:02 IST" name="Default suite" finished-at="2024-03-17T22:07:55 IST" duration-ms="53489">
    <groups>
    </groups>
    <test started-at="2024-03-17T22:07:02 IST" name="Default test" finished-at="2024-03-17T22:07:55 IST" duration-ms="53489">
      <class name="testscripts.TestOrangeHrmPim">
        <test-method is-config="true" signature="precondition()[pri:0, instance:testscripts.TestOrangeHrmPim@55182842]" started-at="2024-03-17T22:07:02 IST" name="precondition" finished-at="2024-03-17T22:07:14 IST" duration-ms="12229" status="PASS">
          <reporter-output>
          </reporter-output>
        </test-method> <!-- precondition -->
        <test-method signature="testPimCreation()[pri:0, instance:testscripts.TestOrangeHrmPim@55182842]" started-at="2024-03-17T22:07:14 IST" name="testPimCreation" finished-at="2024-03-17T22:07:28 IST" duration-ms="14688" status="PASS">
          <reporter-output>
          </reporter-output>
        </test-method> <!-- testPimCreation -->
        <test-method is-config="true" signature="postcondition()[pri:0, instance:testscripts.TestOrangeHrmPim@55182842]" started-at="2024-03-17T22:07:28 IST" name="postcondition" finished-at="2024-03-17T22:07:30 IST" duration-ms="1464" status="PASS">
          <reporter-output>
          </reporter-output>
        </test-method> <!-- postcondition -->
        <test-method is-config="true" signature="precondition()[pri:0, instance:testscripts.TestOrangeHrmPim@55182842]" started-at="2024-03-17T22:07:30 IST" name="precondition" finished-at="2024-03-17T22:07:41 IST" duration-ms="11526" status="PASS">
          <reporter-output>
          </reporter-output>
        </test-method> <!-- precondition -->
        <test-method signature="testPimDeletion()[pri:0, instance:testscripts.TestOrangeHrmPim@55182842]" started-at="2024-03-17T22:07:41 IST" name="testPimDeletion" finished-at="2024-03-17T22:07:54 IST" depends-on-methods="testscripts.TestOrangeHrmPim.testPimCreation" duration-ms="12271" status="PASS">
          <reporter-output>
          </reporter-output>
        </test-method> <!-- testPimDeletion -->
        <test-method is-config="true" signature="postcondition()[pri:0, instance:testscripts.TestOrangeHrmPim@55182842]" started-at="2024-03-17T22:07:54 IST" name="postcondition" finished-at="2024-03-17T22:07:55 IST" duration-ms="1259" status="PASS">
          <reporter-output>
          </reporter-output>
        </test-method> <!-- postcondition -->
      </class> <!-- testscripts.TestOrangeHrmPim -->
    </test> <!-- Default test -->
  </suite> <!-- Default suite -->
</testng-results>
