<?xml version="1.0" encoding="UTF-8"?>
<!-- Generated by org.testng.reporters.JUnitXMLReporter -->
<testsuite ignored="0" hostname="DESKTOP-LLLGMOJ" failures="0" tests="6" name="Default test" time="12.761" errors="0" timestamp="2024-07-23T08:21:43 IST">
  <testcase classname="api.testcase.UserTestWithExcel" name="testPostUser" time="4.87"/>
  <testcase classname="api.testcase.UserTestWithExcel" name="testPostUser" time="1.087"/>
  <testcase classname="api.testcase.UserTestWithExcel" name="testPostUser" time="1.129"/>
  <testcase classname="api.testcase.UserTestWithExcel" name="testDeleteUser" time="1.13"/>
  <testcase classname="api.testcase.UserTestWithExcel" name="testDeleteUser" time="1.116"/>
  <testcase classname="api.testcase.UserTestWithExcel" name="testDeleteUser" time="1.064"/>
</testsuite> <!-- Default test -->
